This file contains any messages produced by compilers while
running configure, to aid debugging if configure makes a mistake.

It was created by pbuilder4cpp configure 1406, which was
generated by GNU Autoconf 2.69.  Invocation command line was

  $ ./configure --no-create --no-recursion

## --------- ##
## Platform. ##
## --------- ##

hostname = pcdepapa
uname -m = x86_64
uname -r = 3.13.0-52-generic
uname -s = Linux
uname -v = #86-Ubuntu SMP Mon May 4 04:32:59 UTC 2015

/usr/bin/uname -p = unknown
/bin/uname -X     = unknown

/bin/arch              = unknown
/usr/bin/arch -k       = unknown
/usr/convex/getsysinfo = unknown
/usr/bin/hostinfo      = unknown
/bin/machine           = unknown
/usr/bin/oslevel       = unknown
/bin/universe          = unknown

PATH: /home/saulario/bin
PATH: /usr/local/sbin
PATH: /usr/local/bin
PATH: /usr/sbin
PATH: /usr/bin
PATH: /sbin
PATH: /bin
PATH: /usr/games
PATH: /usr/local/games


## ----------- ##
## Core tests. ##
## ----------- ##

configure:2291: checking for a BSD-compatible install
configure:2359: result: /usr/bin/install -c
configure:2370: checking whether build environment is sane
configure:2425: result: yes
configure:2463: WARNING: 'missing' script is too old or missing
configure:2576: checking for a thread-safe mkdir -p
configure:2615: result: /bin/mkdir -p
configure:2622: checking for gawk
configure:2652: result: no
configure:2622: checking for mawk
configure:2638: found /usr/bin/mawk
configure:2649: result: mawk
configure:2660: checking whether make sets $(MAKE)
configure:2682: result: yes
configure:2711: checking whether make supports nested variables
configure:2728: result: yes
configure:2918: checking for g++
configure:2934: found /usr/bin/g++
configure:2945: result: g++
configure:2972: checking for C++ compiler version
configure:2981: g++ --version >&5
g++ (Ubuntu 4.8.2-19ubuntu1) 4.8.2
Copyright (C) 2013 Free Software Foundation, Inc.
This is free software; see the source for copying conditions.  There is NO
warranty; not even for MERCHANTABILITY or FITNESS FOR A PARTICULAR PURPOSE.

configure:2992: $? = 0
configure:2981: g++ -v >&5
Using built-in specs.
COLLECT_GCC=g++
COLLECT_LTO_WRAPPER=/usr/lib/gcc/x86_64-linux-gnu/4.8/lto-wrapper
Target: x86_64-linux-gnu
Configured with: ../src/configure -v --with-pkgversion='Ubuntu 4.8.2-19ubuntu1' --with-bugurl=file:///usr/share/doc/gcc-4.8/README.Bugs --enable-languages=c,c++,java,go,d,fortran,objc,obj-c++ --prefix=/usr --program-suffix=-4.8 --enable-shared --enable-linker-build-id --libexecdir=/usr/lib --without-included-gettext --enable-threads=posix --with-gxx-include-dir=/usr/include/c++/4.8 --libdir=/usr/lib --enable-nls --with-sysroot=/ --enable-clocale=gnu --enable-libstdcxx-debug --enable-libstdcxx-time=yes --enable-gnu-unique-object --disable-libmudflap --enable-plugin --with-system-zlib --disable-browser-plugin --enable-java-awt=gtk --enable-gtk-cairo --with-java-home=/usr/lib/jvm/java-1.5.0-gcj-4.8-amd64/jre --enable-java-home --with-jvm-root-dir=/usr/lib/jvm/java-1.5.0-gcj-4.8-amd64 --with-jvm-jar-dir=/usr/lib/jvm-exports/java-1.5.0-gcj-4.8-amd64 --with-arch-directory=amd64 --with-ecj-jar=/usr/share/java/eclipse-ecj.jar --enable-objc-gc --enable-multiarch --disable-werror --with-arch-32=i686 --with-abi=m64 --with-multilib-list=m32,m64,mx32 --with-tune=generic --enable-checking=release --build=x86_64-linux-gnu --host=x86_64-linux-gnu --target=x86_64-linux-gnu
Thread model: posix
gcc version 4.8.2 (Ubuntu 4.8.2-19ubuntu1) 
configure:2992: $? = 0
configure:2981: g++ -V >&5
g++: error: unrecognized command line option '-V'
g++: fatal error: no input files
compilation terminated.
configure:2992: $? = 4
configure:2981: g++ -qversion >&5
g++: error: unrecognized command line option '-qversion'
g++: fatal error: no input files
compilation terminated.
configure:2992: $? = 4
configure:3012: checking whether the C++ compiler works
configure:3034: g++    conftest.cpp  >&5
configure:3038: $? = 0
configure:3086: result: yes
configure:3089: checking for C++ compiler default output file name
configure:3091: result: a.out
configure:3097: checking for suffix of executables
configure:3104: g++ -o conftest    conftest.cpp  >&5
configure:3108: $? = 0
configure:3130: result: 
configure:3152: checking whether we are cross compiling
configure:3160: g++ -o conftest    conftest.cpp  >&5
configure:3164: $? = 0
configure:3171: ./conftest
configure:3175: $? = 0
configure:3190: result: no
configure:3195: checking for suffix of object files
configure:3217: g++ -c   conftest.cpp >&5
configure:3221: $? = 0
configure:3242: result: o
configure:3246: checking whether we are using the GNU C++ compiler
configure:3265: g++ -c   conftest.cpp >&5
configure:3265: $? = 0
configure:3274: result: yes
configure:3283: checking whether g++ accepts -g
configure:3303: g++ -c -g  conftest.cpp >&5
configure:3303: $? = 0
configure:3344: result: yes
configure:3378: checking for style of include used by make
configure:3406: result: GNU
configure:3432: checking dependency style of g++
configure:3543: result: gcc3
configure:3606: checking for gcc
configure:3622: found /usr/bin/gcc
configure:3633: result: gcc
configure:3862: checking for C compiler version
configure:3871: gcc --version >&5
gcc (Ubuntu 4.8.2-19ubuntu1) 4.8.2
Copyright (C) 2013 Free Software Foundation, Inc.
This is free software; see the source for copying conditions.  There is NO
warranty; not even for MERCHANTABILITY or FITNESS FOR A PARTICULAR PURPOSE.

configure:3882: $? = 0
configure:3871: gcc -v >&5
Using built-in specs.
COLLECT_GCC=gcc
COLLECT_LTO_WRAPPER=/usr/lib/gcc/x86_64-linux-gnu/4.8/lto-wrapper
Target: x86_64-linux-gnu
Configured with: ../src/configure -v --with-pkgversion='Ubuntu 4.8.2-19ubuntu1' --with-bugurl=file:///usr/share/doc/gcc-4.8/README.Bugs --enable-languages=c,c++,java,go,d,fortran,objc,obj-c++ --prefix=/usr --program-suffix=-4.8 --enable-shared --enable-linker-build-id --libexecdir=/usr/lib --without-included-gettext --enable-threads=posix --with-gxx-include-dir=/usr/include/c++/4.8 --libdir=/usr/lib --enable-nls --with-sysroot=/ --enable-clocale=gnu --enable-libstdcxx-debug --enable-libstdcxx-time=yes --enable-gnu-unique-object --disable-libmudflap --enable-plugin --with-system-zlib --disable-browser-plugin --enable-java-awt=gtk --enable-gtk-cairo --with-java-home=/usr/lib/jvm/java-1.5.0-gcj-4.8-amd64/jre --enable-java-home --with-jvm-root-dir=/usr/lib/jvm/java-1.5.0-gcj-4.8-amd64 --with-jvm-jar-dir=/usr/lib/jvm-exports/java-1.5.0-gcj-4.8-amd64 --with-arch-directory=amd64 --with-ecj-jar=/usr/share/java/eclipse-ecj.jar --enable-objc-gc --enable-multiarch --disable-werror --with-arch-32=i686 --with-abi=m64 --with-multilib-list=m32,m64,mx32 --with-tune=generic --enable-checking=release --build=x86_64-linux-gnu --host=x86_64-linux-gnu --target=x86_64-linux-gnu
Thread model: posix
gcc version 4.8.2 (Ubuntu 4.8.2-19ubuntu1) 
configure:3882: $? = 0
configure:3871: gcc -V >&5
gcc: error: unrecognized command line option '-V'
gcc: fatal error: no input files
compilation terminated.
configure:3882: $? = 4
configure:3871: gcc -qversion >&5
gcc: error: unrecognized command line option '-qversion'
gcc: fatal error: no input files
compilation terminated.
configure:3882: $? = 4
configure:3886: checking whether we are using the GNU C compiler
configure:3905: gcc -c   conftest.c >&5
configure:3905: $? = 0
configure:3914: result: yes
configure:3923: checking whether gcc accepts -g
configure:3943: gcc -c -g  conftest.c >&5
configure:3943: $? = 0
configure:3984: result: yes
configure:4001: checking for gcc option to accept ISO C89
configure:4064: gcc  -c -g -O2  conftest.c >&5
configure:4064: $? = 0
configure:4077: result: none needed
configure:4102: checking whether gcc understands -c and -o together
configure:4124: gcc -c conftest.c -o conftest2.o
configure:4127: $? = 0
configure:4124: gcc -c conftest.c -o conftest2.o
configure:4127: $? = 0
configure:4139: result: yes
configure:4158: checking dependency style of gcc
configure:4269: result: gcc3
configure:4294: checking how to run the C preprocessor
configure:4325: gcc -E  conftest.c
configure:4325: $? = 0
configure:4339: gcc -E  conftest.c
conftest.c:11:28: fatal error: ac_nonexistent.h: No such file or directory
 #include <ac_nonexistent.h>
                            ^
compilation terminated.
configure:4339: $? = 1
configure: failed program was:
| /* confdefs.h */
| #define PACKAGE_NAME "pbuilder4cpp"
| #define PACKAGE_TARNAME "pbuilder4cpp"
| #define PACKAGE_VERSION "1406"
| #define PACKAGE_STRING "pbuilder4cpp 1406"
| #define PACKAGE_BUGREPORT "Saul Correas <saul.correas@gmail.com>"
| #define PACKAGE_URL ""
| #define PACKAGE "pbuilder4cpp"
| #define VERSION "1406"
| /* end confdefs.h.  */
| #include <ac_nonexistent.h>
configure:4364: result: gcc -E
configure:4384: gcc -E  conftest.c
configure:4384: $? = 0
configure:4398: gcc -E  conftest.c
conftest.c:11:28: fatal error: ac_nonexistent.h: No such file or directory
 #include <ac_nonexistent.h>
                            ^
compilation terminated.
configure:4398: $? = 1
configure: failed program was:
| /* confdefs.h */
| #define PACKAGE_NAME "pbuilder4cpp"
| #define PACKAGE_TARNAME "pbuilder4cpp"
| #define PACKAGE_VERSION "1406"
| #define PACKAGE_STRING "pbuilder4cpp 1406"
| #define PACKAGE_BUGREPORT "Saul Correas <saul.correas@gmail.com>"
| #define PACKAGE_URL ""
| #define PACKAGE "pbuilder4cpp"
| #define VERSION "1406"
| /* end confdefs.h.  */
| #include <ac_nonexistent.h>
configure:4427: checking for grep that handles long lines and -e
configure:4485: result: /bin/grep
configure:4490: checking for egrep
configure:4552: result: /bin/grep -E
configure:4557: checking for ANSI C header files
configure:4577: gcc -c -g -O2  conftest.c >&5
configure:4577: $? = 0
configure:4650: gcc -o conftest -g -O2   conftest.c  >&5
configure:4650: $? = 0
configure:4650: ./conftest
configure:4650: $? = 0
configure:4661: result: yes
configure:4674: checking for sys/types.h
configure:4674: gcc -c -g -O2  conftest.c >&5
configure:4674: $? = 0
configure:4674: result: yes
configure:4674: checking for sys/stat.h
configure:4674: gcc -c -g -O2  conftest.c >&5
configure:4674: $? = 0
configure:4674: result: yes
configure:4674: checking for stdlib.h
configure:4674: gcc -c -g -O2  conftest.c >&5
configure:4674: $? = 0
configure:4674: result: yes
configure:4674: checking for string.h
configure:4674: gcc -c -g -O2  conftest.c >&5
configure:4674: $? = 0
configure:4674: result: yes
configure:4674: checking for memory.h
configure:4674: gcc -c -g -O2  conftest.c >&5
configure:4674: $? = 0
configure:4674: result: yes
configure:4674: checking for strings.h
configure:4674: gcc -c -g -O2  conftest.c >&5
configure:4674: $? = 0
configure:4674: result: yes
configure:4674: checking for inttypes.h
configure:4674: gcc -c -g -O2  conftest.c >&5
configure:4674: $? = 0
configure:4674: result: yes
configure:4674: checking for stdint.h
configure:4674: gcc -c -g -O2  conftest.c >&5
configure:4674: $? = 0
configure:4674: result: yes
configure:4674: checking for unistd.h
configure:4674: gcc -c -g -O2  conftest.c >&5
configure:4674: $? = 0
configure:4674: result: yes
configure:4688: checking for unistd.h
configure:4688: result: yes
configure:4700: checking for stdbool.h that conforms to C99
configure:4767: gcc -c -g -O2  conftest.c >&5
configure:4767: $? = 0
configure:4774: result: yes
configure:4776: checking for _Bool
configure:4776: gcc -c -g -O2  conftest.c >&5
configure:4776: $? = 0
configure:4776: gcc -c -g -O2  conftest.c >&5
conftest.c: In function 'main':
conftest.c:58:20: error: expected expression before ')' token
 if (sizeof ((_Bool)))
                    ^
configure:4776: $? = 1
configure: failed program was:
| /* confdefs.h */
| #define PACKAGE_NAME "pbuilder4cpp"
| #define PACKAGE_TARNAME "pbuilder4cpp"
| #define PACKAGE_VERSION "1406"
| #define PACKAGE_STRING "pbuilder4cpp 1406"
| #define PACKAGE_BUGREPORT "Saul Correas <saul.correas@gmail.com>"
| #define PACKAGE_URL ""
| #define PACKAGE "pbuilder4cpp"
| #define VERSION "1406"
| #define STDC_HEADERS 1
| #define HAVE_SYS_TYPES_H 1
| #define HAVE_SYS_STAT_H 1
| #define HAVE_STDLIB_H 1
| #define HAVE_STRING_H 1
| #define HAVE_MEMORY_H 1
| #define HAVE_STRINGS_H 1
| #define HAVE_INTTYPES_H 1
| #define HAVE_STDINT_H 1
| #define HAVE_UNISTD_H 1
| #define HAVE_UNISTD_H 1
| /* end confdefs.h.  */
| #include <stdio.h>
| #ifdef HAVE_SYS_TYPES_H
| # include <sys/types.h>
| #endif
| #ifdef HAVE_SYS_STAT_H
| # include <sys/stat.h>
| #endif
| #ifdef STDC_HEADERS
| # include <stdlib.h>
| # include <stddef.h>
| #else
| # ifdef HAVE_STDLIB_H
| #  include <stdlib.h>
| # endif
| #endif
| #ifdef HAVE_STRING_H
| # if !defined STDC_HEADERS && defined HAVE_MEMORY_H
| #  include <memory.h>
| # endif
| # include <string.h>
| #endif
| #ifdef HAVE_STRINGS_H
| # include <strings.h>
| #endif
| #ifdef HAVE_INTTYPES_H
| # include <inttypes.h>
| #endif
| #ifdef HAVE_STDINT_H
| # include <stdint.h>
| #endif
| #ifdef HAVE_UNISTD_H
| # include <unistd.h>
| #endif
| int
| main ()
| {
| if (sizeof ((_Bool)))
| 	    return 0;
|   ;
|   return 0;
| }
configure:4776: result: yes
configure:4798: checking for mkdir
configure:4798: gcc -o conftest -g -O2   conftest.c  >&5
configure:4798: $? = 0
configure:4798: result: yes
configure:4798: checking for select
configure:4798: gcc -o conftest -g -O2   conftest.c  >&5
configure:4798: $? = 0
configure:4798: result: yes
configure:4917: checking that generated files are newer than configure
configure:4923: result: done
configure:4950: creating ./config.status

## ---------------- ##
## Cache variables. ##
## ---------------- ##

ac_cv_c_compiler_gnu=yes
ac_cv_cxx_compiler_gnu=yes
ac_cv_env_CCC_set=
ac_cv_env_CCC_value=
ac_cv_env_CC_set=
ac_cv_env_CC_value=
ac_cv_env_CFLAGS_set=
ac_cv_env_CFLAGS_value=
ac_cv_env_CPPFLAGS_set=
ac_cv_env_CPPFLAGS_value=
ac_cv_env_CPP_set=
ac_cv_env_CPP_value=
ac_cv_env_CXXFLAGS_set=
ac_cv_env_CXXFLAGS_value=
ac_cv_env_CXX_set=
ac_cv_env_CXX_value=
ac_cv_env_LDFLAGS_set=
ac_cv_env_LDFLAGS_value=
ac_cv_env_LIBS_set=
ac_cv_env_LIBS_value=
ac_cv_env_build_alias_set=
ac_cv_env_build_alias_value=
ac_cv_env_host_alias_set=
ac_cv_env_host_alias_value=
ac_cv_env_target_alias_set=
ac_cv_env_target_alias_value=
ac_cv_func_mkdir=yes
ac_cv_func_select=yes
ac_cv_header_inttypes_h=yes
ac_cv_header_memory_h=yes
ac_cv_header_stdbool_h=yes
ac_cv_header_stdc=yes
ac_cv_header_stdint_h=yes
ac_cv_header_stdlib_h=yes
ac_cv_header_string_h=yes
ac_cv_header_strings_h=yes
ac_cv_header_sys_stat_h=yes
ac_cv_header_sys_types_h=yes
ac_cv_header_unistd_h=yes
ac_cv_objext=o
ac_cv_path_EGREP='/bin/grep -E'
ac_cv_path_GREP=/bin/grep
ac_cv_path_install='/usr/bin/install -c'
ac_cv_path_mkdir=/bin/mkdir
ac_cv_prog_AWK=mawk
ac_cv_prog_CPP='gcc -E'
ac_cv_prog_ac_ct_CC=gcc
ac_cv_prog_ac_ct_CXX=g++
ac_cv_prog_cc_c89=
ac_cv_prog_cc_g=yes
ac_cv_prog_cxx_g=yes
ac_cv_prog_make_make_set=yes
ac_cv_type__Bool=yes
am_cv_CC_dependencies_compiler_type=gcc3
am_cv_CXX_dependencies_compiler_type=gcc3
am_cv_make_support_nested_variables=yes
am_cv_prog_cc_c_o=yes

## ----------------- ##
## Output variables. ##
## ----------------- ##

ACLOCAL='aclocal-1.14'
AMDEPBACKSLASH='\'
AMDEP_FALSE='#'
AMDEP_TRUE=''
AMTAR='$${TAR-tar}'
AM_BACKSLASH='\'
AM_DEFAULT_V='$(AM_DEFAULT_VERBOSITY)'
AM_DEFAULT_VERBOSITY='1'
AM_V='$(V)'
AUTOCONF='autoconf'
AUTOHEADER='autoheader'
AUTOMAKE='automake-1.14'
AWK='mawk'
CC='gcc'
CCDEPMODE='depmode=gcc3'
CFLAGS='-g -O2'
CPP='gcc -E'
CPPFLAGS=''
CXX='g++'
CXXDEPMODE='depmode=gcc3'
CXXFLAGS='-g -O2'
CYGPATH_W='echo'
DEFS='-DHAVE_CONFIG_H'
DEPDIR='.deps'
ECHO_C=''
ECHO_N='-n'
ECHO_T=''
EGREP='/bin/grep -E'
EXEEXT=''
GREP='/bin/grep'
INSTALL_DATA='${INSTALL} -m 644'
INSTALL_PROGRAM='${INSTALL}'
INSTALL_SCRIPT='${INSTALL}'
INSTALL_STRIP_PROGRAM='$(install_sh) -c -s'
LDFLAGS=''
LIBOBJS=''
LIBS=''
LTLIBOBJS=''
MAKEINFO='makeinfo'
MKDIR_P='/bin/mkdir -p'
OBJEXT='o'
PACKAGE='pbuilder4cpp'
PACKAGE_BUGREPORT='Saul Correas <saul.correas@gmail.com>'
PACKAGE_NAME='pbuilder4cpp'
PACKAGE_STRING='pbuilder4cpp 1406'
PACKAGE_TARNAME='pbuilder4cpp'
PACKAGE_URL=''
PACKAGE_VERSION='1406'
PATH_SEPARATOR=':'
SET_MAKE=''
SHELL='/bin/bash'
STRIP=''
VERSION='1406'
ac_ct_CC='gcc'
ac_ct_CXX='g++'
am__EXEEXT_FALSE=''
am__EXEEXT_TRUE='#'
am__fastdepCC_FALSE='#'
am__fastdepCC_TRUE=''
am__fastdepCXX_FALSE='#'
am__fastdepCXX_TRUE=''
am__include='include'
am__isrc=''
am__leading_dot='.'
am__nodep='_no'
am__quote=''
am__tar='$${TAR-tar} chof - "$$tardir"'
am__untar='$${TAR-tar} xf -'
bindir='${exec_prefix}/bin'
build_alias=''
datadir='${datarootdir}'
datarootdir='${prefix}/share'
docdir='${datarootdir}/doc/${PACKAGE_TARNAME}'
dvidir='${docdir}'
exec_prefix='${prefix}'
host_alias=''
htmldir='${docdir}'
includedir='${prefix}/include'
infodir='${datarootdir}/info'
install_sh='${SHELL} /home/saulario/cpp/pbuilder4cpp/pbuilder4cpp/install-sh'
libdir='${exec_prefix}/lib'
libexecdir='${exec_prefix}/libexec'
localedir='${datarootdir}/locale'
localstatedir='${prefix}/var'
mandir='${datarootdir}/man'
mkdir_p='$(MKDIR_P)'
oldincludedir='/usr/include'
pdfdir='${docdir}'
prefix='/usr/local'
program_transform_name='s,x,x,'
psdir='${docdir}'
sbindir='${exec_prefix}/sbin'
sharedstatedir='${prefix}/com'
sysconfdir='${prefix}/etc'
target_alias=''

## ----------- ##
## confdefs.h. ##
## ----------- ##

/* confdefs.h */
#define PACKAGE_NAME "pbuilder4cpp"
#define PACKAGE_TARNAME "pbuilder4cpp"
#define PACKAGE_VERSION "1406"
#define PACKAGE_STRING "pbuilder4cpp 1406"
#define PACKAGE_BUGREPORT "Saul Correas <saul.correas@gmail.com>"
#define PACKAGE_URL ""
#define PACKAGE "pbuilder4cpp"
#define VERSION "1406"
#define STDC_HEADERS 1
#define HAVE_SYS_TYPES_H 1
#define HAVE_SYS_STAT_H 1
#define HAVE_STDLIB_H 1
#define HAVE_STRING_H 1
#define HAVE_MEMORY_H 1
#define HAVE_STRINGS_H 1
#define HAVE_INTTYPES_H 1
#define HAVE_STDINT_H 1
#define HAVE_UNISTD_H 1
#define HAVE_UNISTD_H 1
#define HAVE__BOOL 1
#define HAVE_STDBOOL_H 1
#define HAVE_MKDIR 1
#define HAVE_SELECT 1

configure: exit 0

## ---------------------- ##
## Running config.status. ##
## ---------------------- ##

This file was extended by pbuilder4cpp config.status 1406, which was
generated by GNU Autoconf 2.69.  Invocation command line was

  CONFIG_FILES    = 
  CONFIG_HEADERS  = 
  CONFIG_LINKS    = 
  CONFIG_COMMANDS = 
  $ ./config.status 

on pcdepapa

config.status:864: creating Makefile
config.status:864: creating src/Makefile
config.status:864: creating config.h
config.status:1045: config.h is unchanged
config.status:1093: executing depfiles commands

## ---------------------- ##
## Running config.status. ##
## ---------------------- ##

This file was extended by pbuilder4cpp config.status 1406, which was
generated by GNU Autoconf 2.69.  Invocation command line was

  CONFIG_FILES    = 
  CONFIG_HEADERS  = 
  CONFIG_LINKS    = 
  CONFIG_COMMANDS = 
  $ ./config.status 

on pcdepapa

config.status:864: creating Makefile
config.status:864: creating src/Makefile
config.status:864: creating config.h
config.status:1045: config.h is unchanged
config.status:1093: executing depfiles commands
